{"/Users/marklarson/Documents/GitHub/react-memegenerator-testing/src/App.jsx": {"path":"/Users/marklarson/Documents/GitHub/react-memegenerator-testing/src/App.jsx","statementMap":{"0":{"start":{"line":6,"column":4},"end":{"line":10,"column":null}}},"fnMap":{"0":{"name":"App","decl":{"start":{"line":4,"column":24},"end":{"line":4,"column":30}},"loc":{"start":{"line":4,"column":30},"end":{"line":12,"column":null}}}},"branchMap":{},"s":{"0":5},"f":{"0":5},"b":{}}
,"/Users/marklarson/Documents/GitHub/react-memegenerator-testing/src/components/Header.jsx": {"path":"/Users/marklarson/Documents/GitHub/react-memegenerator-testing/src/components/Header.jsx","statementMap":{"0":{"start":{"line":4,"column":4},"end":{"line":11,"column":null}}},"fnMap":{"0":{"name":"Header","decl":{"start":{"line":3,"column":24},"end":{"line":3,"column":33}},"loc":{"start":{"line":3,"column":33},"end":{"line":13,"column":null}}}},"branchMap":{},"s":{"0":7},"f":{"0":7},"b":{}}
,"/Users/marklarson/Documents/GitHub/react-memegenerator-testing/src/components/Main.jsx": {"path":"/Users/marklarson/Documents/GitHub/react-memegenerator-testing/src/components/Main.jsx","statementMap":{"0":{"start":{"line":4,"column":28},"end":{"line":9,"column":null}},"1":{"start":{"line":10,"column":36},"end":{"line":10,"column":null}},"2":{"start":{"line":12,"column":4},"end":{"line":16,"column":null}},"3":{"start":{"line":13,"column":8},"end":{"line":15,"column":null}},"4":{"start":{"line":14,"column":25},"end":{"line":14,"column":35}},"5":{"start":{"line":15,"column":26},"end":{"line":15,"column":54}},"6":{"start":{"line":19,"column":29},"end":{"line":19,"column":null}},"7":{"start":{"line":20,"column":27},"end":{"line":20,"column":null}},"8":{"start":{"line":21,"column":28},"end":{"line":21,"column":null}},"9":{"start":{"line":22,"column":8},"end":{"line":26,"column":null}},"10":{"start":{"line":22,"column":29},"end":{"line":26,"column":10}},"11":{"start":{"line":30,"column":30},"end":{"line":30,"column":null}},"12":{"start":{"line":31,"column":8},"end":{"line":34,"column":null}},"13":{"start":{"line":31,"column":29},"end":{"line":34,"column":10}},"14":{"start":{"line":37,"column":4},"end":{"line":67,"column":null}}},"fnMap":{"0":{"name":"Main","decl":{"start":{"line":3,"column":24},"end":{"line":3,"column":31}},"loc":{"start":{"line":3,"column":31},"end":{"line":69,"column":null}}},"1":{"name":"(anonymous_1)","decl":{"start":{"line":12,"column":14},"end":{"line":12,"column":20}},"loc":{"start":{"line":12,"column":20},"end":{"line":16,"column":7}}},"2":{"name":"(anonymous_2)","decl":{"start":{"line":14,"column":18},"end":{"line":14,"column":25}},"loc":{"start":{"line":14,"column":25},"end":{"line":14,"column":35}}},"3":{"name":"(anonymous_3)","decl":{"start":{"line":15,"column":18},"end":{"line":15,"column":26}},"loc":{"start":{"line":15,"column":26},"end":{"line":15,"column":54}}},"4":{"name":"getMemeImage","decl":{"start":{"line":18,"column":13},"end":{"line":18,"column":28}},"loc":{"start":{"line":18,"column":28},"end":{"line":27,"column":null}}},"5":{"name":"(anonymous_5)","decl":{"start":{"line":22,"column":16},"end":{"line":22,"column":29}},"loc":{"start":{"line":22,"column":29},"end":{"line":26,"column":10}}},"6":{"name":"handleChange","decl":{"start":{"line":29,"column":13},"end":{"line":29,"column":26}},"loc":{"start":{"line":29,"column":33},"end":{"line":35,"column":null}}},"7":{"name":"(anonymous_7)","decl":{"start":{"line":31,"column":16},"end":{"line":31,"column":29}},"loc":{"start":{"line":31,"column":29},"end":{"line":34,"column":10}}}},"branchMap":{},"s":{"0":55,"1":55,"2":55,"3":7,"4":7,"5":7,"6":1,"7":1,"8":1,"9":1,"10":1,"11":44,"12":44,"13":44,"14":55},"f":{"0":55,"1":7,"2":7,"3":7,"4":1,"5":1,"6":44,"7":44},"b":{}}
}
